# JRE version: Java(TM) SE Runtime Environment (8.0_181-b13) (build 1.8.0_181-b13)
# Java VM: Java HotSpot(TM) 64-Bit Server VM (25.181-b13 mixed mode windows-amd64 compressed oops)
Heap:
 PSYoungGen      total 193536K, used 61291K [0x00000000d5e00000, 0x00000000e6f00000, 0x0000000100000000)
  eden space 177664K, 34% used [0x00000000d5e00000,0x00000000d99daf78,0x00000000e0b80000)
  from space 15872K, 0% used [0x00000000e0b80000,0x00000000e0b80000,0x00000000e1b00000)
  to   space 15360K, 0% used [0x00000000e6000000,0x00000000e6000000,0x00000000e6f00000)
 ParOldGen       total 88064K, used 18962K [0x0000000081a00000, 0x0000000087000000, 0x00000000d5e00000)
  object space 88064K, 21% used [0x0000000081a00000,0x0000000082c84a88,0x0000000087000000)
 Metaspace       used 35913K, capacity 37496K, committed 37632K, reserved 1081344K
  class space    used 4685K, capacity 4999K, committed 5120K, reserved 1048576K
GC Heap History (10 events):
Event: 3.472 GC heap before
{Heap before GC invocations=7 (full 1):
 PSYoungGen      total 71680K, used 66560K [0x00000000d5e00000, 0x00000000df000000, 0x0000000100000000)
  eden space 66560K, 100% used [0x00000000d5e00000,0x00000000d9f00000,0x00000000d9f00000)
  from space 5120K, 0% used [0x00000000d9f00000,0x00000000d9f00000,0x00000000da400000)
  to   space 8192K, 0% used [0x00000000de800000,0x00000000de800000,0x00000000df000000)
 ParOldGen       total 53760K, used 8402K [0x0000000081a00000, 0x0000000084e80000, 0x00000000d5e00000)
  object space 53760K, 15% used [0x0000000081a00000,0x0000000082234958,0x0000000084e80000)
 Metaspace       used 24228K, capacity 24978K, committed 25216K, reserved 1071104K
  class space    used 3173K, capacity 3359K, committed 3456K, reserved 1048576K
Event: 3.484 GC heap after
Heap after GC invocations=7 (full 1):
 PSYoungGen      total 117760K, used 8165K [0x00000000d5e00000, 0x00000000df000000, 0x0000000100000000)
  eden space 109568K, 0% used [0x00000000d5e00000,0x00000000d5e00000,0x00000000dc900000)
  from space 8192K, 99% used [0x00000000de800000,0x00000000deff9520,0x00000000df000000)
  to   space 9728K, 0% used [0x00000000ddd00000,0x00000000ddd00000,0x00000000de680000)
 ParOldGen       total 53760K, used 8535K [0x0000000081a00000, 0x0000000084e80000, 0x00000000d5e00000)
  object space 53760K, 15% used [0x0000000081a00000,0x0000000082255f08,0x0000000084e80000)
 Metaspace       used 24228K, capacity 24978K, committed 25216K, reserved 1071104K
  class space    used 3173K, capacity 3359K, committed 3456K, reserved 1048576K
}
Event: 4.969 GC heap before
{Heap before GC invocations=8 (full 1):
 PSYoungGen      total 117760K, used 117733K [0x00000000d5e00000, 0x00000000df000000, 0x0000000100000000)
  eden space 109568K, 100% used [0x00000000d5e00000,0x00000000dc900000,0x00000000dc900000)
  from space 8192K, 99% used [0x00000000de800000,0x00000000deff9520,0x00000000df000000)
  to   space 9728K, 0% used [0x00000000ddd00000,0x00000000ddd00000,0x00000000de680000)
 ParOldGen       total 53760K, used 8535K [0x0000000081a00000, 0x0000000084e80000, 0x00000000d5e00000)
  object space 53760K, 15% used [0x0000000081a00000,0x0000000082255f08,0x0000000084e80000)
 Metaspace       used 28291K, capacity 29128K, committed 29312K, reserved 1075200K
  class space    used 3724K, capacity 3943K, committed 3968K, reserved 1048576K
Event: 4.997 GC heap after
Heap after GC invocations=8 (full 1):
 PSYoungGen      total 139776K, used 9703K [0x00000000d5e00000, 0x00000000e2780000, 0x0000000100000000)
  eden space 130048K, 0% used [0x00000000d5e00000,0x00000000d5e00000,0x00000000ddd00000)
  from space 9728K, 99% used [0x00000000ddd00000,0x00000000de679d30,0x00000000de680000)
  to   space 12800K, 0% used [0x00000000e1b00000,0x00000000e1b00000,0x00000000e2780000)
 ParOldGen       total 53760K, used 11914K [0x0000000081a00000, 0x0000000084e80000, 0x00000000d5e00000)
  object space 53760K, 22% used [0x0000000081a00000,0x00000000825a2880,0x0000000084e80000)
 Metaspace       used 28291K, capacity 29128K, committed 29312K, reserved 1075200K
  class space    used 3724K, capacity 3943K, committed 3968K, reserved 1048576K
}
Event: 6.816 GC heap before
{Heap before GC invocations=9 (full 1):
 PSYoungGen      total 139776K, used 139735K [0x00000000d5e00000, 0x00000000e2780000, 0x0000000100000000)
  eden space 130048K, 99% used [0x00000000d5e00000,0x00000000ddcfc100,0x00000000ddd00000)
  from space 9728K, 99% used [0x00000000ddd00000,0x00000000de679d30,0x00000000de680000)
  to   space 12800K, 0% used [0x00000000e1b00000,0x00000000e1b00000,0x00000000e2780000)
 ParOldGen       total 53760K, used 11914K [0x0000000081a00000, 0x0000000084e80000, 0x00000000d5e00000)
  object space 53760K, 22% used [0x0000000081a00000,0x00000000825a2880,0x0000000084e80000)
 Metaspace       used 33388K, capacity 34788K, committed 34944K, reserved 1079296K
  class space    used 4339K, capacity 4631K, committed 4736K, reserved 1048576K
Event: 6.854 GC heap after
Heap after GC invocations=9 (full 1):
 PSYoungGen      total 190464K, used 12799K [0x00000000d5e00000, 0x00000000e4f00000, 0x0000000100000000)
  eden space 177664K, 0% used [0x00000000d5e00000,0x00000000d5e00000,0x00000000e0b80000)
  from space 12800K, 99% used [0x00000000e1b00000,0x00000000e277fc50,0x00000000e2780000)
  to   space 15872K, 0% used [0x00000000e0b80000,0x00000000e0b80000,0x00000000e1b00000)
 ParOldGen       total 53760K, used 15354K [0x0000000081a00000, 0x0000000084e80000, 0x00000000d5e00000)
  object space 53760K, 28% used [0x0000000081a00000,0x00000000828fe840,0x0000000084e80000)
 Metaspace       used 33388K, capacity 34788K, committed 34944K, reserved 1079296K
  class space    used 4339K, capacity 4631K, committed 4736K, reserved 1048576K
}
Event: 7.755 GC heap before
{Heap before GC invocations=10 (full 1):
 PSYoungGen      total 190464K, used 42632K [0x00000000d5e00000, 0x00000000e4f00000, 0x0000000100000000)
  eden space 177664K, 16% used [0x00000000d5e00000,0x00000000d7b225d0,0x00000000e0b80000)
  from space 12800K, 99% used [0x00000000e1b00000,0x00000000e277fc50,0x00000000e2780000)
  to   space 15872K, 0% used [0x00000000e0b80000,0x00000000e0b80000,0x00000000e1b00000)
 ParOldGen       total 53760K, used 15354K [0x0000000081a00000, 0x0000000084e80000, 0x00000000d5e00000)
  object space 53760K, 28% used [0x0000000081a00000,0x00000000828fe840,0x0000000084e80000)
 Metaspace       used 34041K, capacity 35390K, committed 35456K, reserved 1079296K
  class space    used 4420K, capacity 4700K, committed 4736K, reserved 1048576K
Event: 7.776 GC heap after
Heap after GC invocations=10 (full 1):
 PSYoungGen      total 193536K, used 8663K [0x00000000d5e00000, 0x00000000e6f00000, 0x0000000100000000)
  eden space 177664K, 0% used [0x00000000d5e00000,0x00000000d5e00000,0x00000000e0b80000)
  from space 15872K, 54% used [0x00000000e0b80000,0x00000000e13f5e88,0x00000000e1b00000)
  to   space 15360K, 0% used [0x00000000e6000000,0x00000000e6000000,0x00000000e6f00000)
 ParOldGen       total 53760K, used 20678K [0x0000000081a00000, 0x0000000084e80000, 0x00000000d5e00000)
  object space 53760K, 38% used [0x0000000081a00000,0x0000000082e31b38,0x0000000084e80000)
 Metaspace       used 34041K, capacity 35390K, committed 35456K, reserved 1079296K
  class space    used 4420K, capacity 4700K, committed 4736K, reserved 1048576K
}
Event: 7.776 GC heap before
{Heap before GC invocations=11 (full 2):
 PSYoungGen      total 193536K, used 8663K [0x00000000d5e00000, 0x00000000e6f00000, 0x0000000100000000)
  eden space 177664K, 0% used [0x00000000d5e00000,0x00000000d5e00000,0x00000000e0b80000)
  from space 15872K, 54% used [0x00000000e0b80000,0x00000000e13f5e88,0x00000000e1b00000)
  to   space 15360K, 0% used [0x00000000e6000000,0x00000000e6000000,0x00000000e6f00000)
 ParOldGen       total 53760K, used 20678K [0x0000000081a00000, 0x0000000084e80000, 0x00000000d5e00000)
  object space 53760K, 38% used [0x0000000081a00000,0x0000000082e31b38,0x0000000084e80000)
 Metaspace       used 34041K, capacity 35390K, committed 35456K, reserved 1079296K
  class space    used 4420K, capacity 4700K, committed 4736K, reserved 1048576K
Event: 7.864 GC heap after
Heap after GC invocations=11 (full 2):
 PSYoungGen      total 193536K, used 0K [0x00000000d5e00000, 0x00000000e6f00000, 0x0000000100000000)
  eden space 177664K, 0% used [0x00000000d5e00000,0x00000000d5e00000,0x00000000e0b80000)
  from space 15872K, 0% used [0x00000000e0b80000,0x00000000e0b80000,0x00000000e1b00000)
  to   space 15360K, 0% used [0x00000000e6000000,0x00000000e6000000,0x00000000e6f00000)
 ParOldGen       total 88064K, used 18962K [0x0000000081a00000, 0x0000000087000000, 0x00000000d5e00000)
  object space 88064K, 21% used [0x0000000081a00000,0x0000000082c84a88,0x0000000087000000)
 Metaspace       used 34041K, capacity 35390K, committed 35456K, reserved 1079296K
  class space    used 4420K, capacity 4700K, committed 4736K, reserved 1048576K
}

