# JRE version: Java(TM) SE Runtime Environment (8.0_181-b13) (build 1.8.0_181-b13)
# Java VM: Java HotSpot(TM) 64-Bit Server VM (25.181-b13 mixed mode windows-amd64 compressed oops)
Heap:
 PSYoungGen      total 143872K, used 17964K [0x00000000d5e00000, 0x00000000e2900000, 0x0000000100000000)
  eden space 131072K, 13% used [0x00000000d5e00000,0x00000000d6f8b1d8,0x00000000dde00000)
  from space 12800K, 0% used [0x00000000dde00000,0x00000000dde00000,0x00000000dea80000)
  to   space 12800K, 0% used [0x00000000e1c80000,0x00000000e1c80000,0x00000000e2900000)
 ParOldGen       total 55808K, used 18956K [0x0000000081a00000, 0x0000000085080000, 0x00000000d5e00000)
  object space 55808K, 33% used [0x0000000081a00000,0x0000000082c83330,0x0000000085080000)
 Metaspace       used 34658K, capacity 36220K, committed 36352K, reserved 1081344K
  class space    used 4537K, capacity 4817K, committed 4864K, reserved 1048576K
GC Heap History (10 events):
Event: 2.933 GC heap before
{Heap before GC invocations=7 (full 1):
 PSYoungGen      total 71680K, used 66556K [0x00000000d5e00000, 0x00000000df500000, 0x0000000100000000)
  eden space 66560K, 99% used [0x00000000d5e00000,0x00000000d9eff290,0x00000000d9f00000)
  from space 5120K, 0% used [0x00000000d9f00000,0x00000000d9f00000,0x00000000da400000)
  to   space 10752K, 0% used [0x00000000dea80000,0x00000000dea80000,0x00000000df500000)
 ParOldGen       total 55808K, used 8713K [0x0000000081a00000, 0x0000000085080000, 0x00000000d5e00000)
  object space 55808K, 15% used [0x0000000081a00000,0x00000000822824d0,0x0000000085080000)
 Metaspace       used 24266K, capacity 24982K, committed 25216K, reserved 1071104K
  class space    used 3175K, capacity 3359K, committed 3456K, reserved 1048576K
Event: 2.962 GC heap after
Heap after GC invocations=7 (full 1):
 PSYoungGen      total 121856K, used 5952K [0x00000000d5e00000, 0x00000000df080000, 0x0000000100000000)
  eden space 115712K, 0% used [0x00000000d5e00000,0x00000000d5e00000,0x00000000dcf00000)
  from space 6144K, 96% used [0x00000000dea80000,0x00000000df050340,0x00000000df080000)
  to   space 9728K, 0% used [0x00000000ddd80000,0x00000000ddd80000,0x00000000de700000)
 ParOldGen       total 55808K, used 8721K [0x0000000081a00000, 0x0000000085080000, 0x00000000d5e00000)
  object space 55808K, 15% used [0x0000000081a00000,0x00000000822844d0,0x0000000085080000)
 Metaspace       used 24266K, capacity 24982K, committed 25216K, reserved 1071104K
  class space    used 3175K, capacity 3359K, committed 3456K, reserved 1048576K
}
Event: 4.226 GC heap before
{Heap before GC invocations=8 (full 1):
 PSYoungGen      total 121856K, used 121664K [0x00000000d5e00000, 0x00000000df080000, 0x0000000100000000)
  eden space 115712K, 100% used [0x00000000d5e00000,0x00000000dcf00000,0x00000000dcf00000)
  from space 6144K, 96% used [0x00000000dea80000,0x00000000df050340,0x00000000df080000)
  to   space 9728K, 0% used [0x00000000ddd80000,0x00000000ddd80000,0x00000000de700000)
 ParOldGen       total 55808K, used 8721K [0x0000000081a00000, 0x0000000085080000, 0x00000000d5e00000)
  object space 55808K, 15% used [0x0000000081a00000,0x00000000822844d0,0x0000000085080000)
 Metaspace       used 28191K, capacity 28998K, committed 29056K, reserved 1075200K
  class space    used 3713K, capacity 3942K, committed 3968K, reserved 1048576K
Event: 4.242 GC heap after
Heap after GC invocations=8 (full 1):
 PSYoungGen      total 125440K, used 9081K [0x00000000d5e00000, 0x00000000df080000, 0x0000000100000000)
  eden space 115712K, 0% used [0x00000000d5e00000,0x00000000d5e00000,0x00000000dcf00000)
  from space 9728K, 93% used [0x00000000ddd80000,0x00000000de65e4a0,0x00000000de700000)
  to   space 6144K, 0% used [0x00000000dea80000,0x00000000dea80000,0x00000000df080000)
 ParOldGen       total 55808K, used 8729K [0x0000000081a00000, 0x0000000085080000, 0x00000000d5e00000)
  object space 55808K, 15% used [0x0000000081a00000,0x00000000822864d0,0x0000000085080000)
 Metaspace       used 28191K, capacity 28998K, committed 29056K, reserved 1075200K
  class space    used 3713K, capacity 3942K, committed 3968K, reserved 1048576K
}
Event: 5.852 GC heap before
{Heap before GC invocations=9 (full 1):
 PSYoungGen      total 125440K, used 124793K [0x00000000d5e00000, 0x00000000df080000, 0x0000000100000000)
  eden space 115712K, 100% used [0x00000000d5e00000,0x00000000dcf00000,0x00000000dcf00000)
  from space 9728K, 93% used [0x00000000ddd80000,0x00000000de65e4a0,0x00000000de700000)
  to   space 6144K, 0% used [0x00000000dea80000,0x00000000dea80000,0x00000000df080000)
 ParOldGen       total 55808K, used 8729K [0x0000000081a00000, 0x0000000085080000, 0x00000000d5e00000)
  object space 55808K, 15% used [0x0000000081a00000,0x00000000822864d0,0x0000000085080000)
 Metaspace       used 33423K, capacity 34756K, committed 34816K, reserved 1079296K
  class space    used 4339K, capacity 4599K, committed 4608K, reserved 1048576K
Event: 5.865 GC heap after
Heap after GC invocations=9 (full 1):
 PSYoungGen      total 137216K, used 6117K [0x00000000d5e00000, 0x00000000e3200000, 0x0000000100000000)
  eden space 131072K, 0% used [0x00000000d5e00000,0x00000000d5e00000,0x00000000dde00000)
  from space 6144K, 99% used [0x00000000dea80000,0x00000000df0794a0,0x00000000df080000)
  to   space 12800K, 0% used [0x00000000dde00000,0x00000000dde00000,0x00000000dea80000)
 ParOldGen       total 55808K, used 15048K [0x0000000081a00000, 0x0000000085080000, 0x00000000d5e00000)
  object space 55808K, 26% used [0x0000000081a00000,0x00000000828b2290,0x0000000085080000)
 Metaspace       used 33423K, capacity 34756K, committed 34816K, reserved 1079296K
  class space    used 4339K, capacity 4599K, committed 4608K, reserved 1048576K
}
Event: 6.198 GC heap before
{Heap before GC invocations=10 (full 1):
 PSYoungGen      total 137216K, used 53987K [0x00000000d5e00000, 0x00000000e3200000, 0x0000000100000000)
  eden space 131072K, 36% used [0x00000000d5e00000,0x00000000d8cbfa58,0x00000000dde00000)
  from space 6144K, 99% used [0x00000000dea80000,0x00000000df0794a0,0x00000000df080000)
  to   space 12800K, 0% used [0x00000000dde00000,0x00000000dde00000,0x00000000dea80000)
 ParOldGen       total 55808K, used 15048K [0x0000000081a00000, 0x0000000085080000, 0x00000000d5e00000)
  object space 55808K, 26% used [0x0000000081a00000,0x00000000828b2290,0x0000000085080000)
 Metaspace       used 34045K, capacity 35394K, committed 35456K, reserved 1079296K
  class space    used 4419K, capacity 4700K, committed 4736K, reserved 1048576K
Event: 6.206 GC heap after
Heap after GC invocations=10 (full 1):
 PSYoungGen      total 143872K, used 6010K [0x00000000d5e00000, 0x00000000e2900000, 0x0000000100000000)
  eden space 131072K, 0% used [0x00000000d5e00000,0x00000000d5e00000,0x00000000dde00000)
  from space 12800K, 46% used [0x00000000dde00000,0x00000000de3de858,0x00000000dea80000)
  to   space 12800K, 0% used [0x00000000e1c80000,0x00000000e1c80000,0x00000000e2900000)
 ParOldGen       total 55808K, used 16499K [0x0000000081a00000, 0x0000000085080000, 0x00000000d5e00000)
  object space 55808K, 29% used [0x0000000081a00000,0x0000000082a1cd30,0x0000000085080000)
 Metaspace       used 34045K, capacity 35394K, committed 35456K, reserved 1079296K
  class space    used 4419K, capacity 4700K, committed 4736K, reserved 1048576K
}
Event: 6.206 GC heap before
{Heap before GC invocations=11 (full 2):
 PSYoungGen      total 143872K, used 6010K [0x00000000d5e00000, 0x00000000e2900000, 0x0000000100000000)
  eden space 131072K, 0% used [0x00000000d5e00000,0x00000000d5e00000,0x00000000dde00000)
  from space 12800K, 46% used [0x00000000dde00000,0x00000000de3de858,0x00000000dea80000)
  to   space 12800K, 0% used [0x00000000e1c80000,0x00000000e1c80000,0x00000000e2900000)
 ParOldGen       total 55808K, used 16499K [0x0000000081a00000, 0x0000000085080000, 0x00000000d5e00000)
  object space 55808K, 29% used [0x0000000081a00000,0x0000000082a1cd30,0x0000000085080000)
 Metaspace       used 34045K, capacity 35394K, committed 35456K, reserved 1079296K
  class space    used 4419K, capacity 4700K, committed 4736K, reserved 1048576K
Event: 6.333 GC heap after
Heap after GC invocations=11 (full 2):
 PSYoungGen      total 143872K, used 0K [0x00000000d5e00000, 0x00000000e2900000, 0x0000000100000000)
  eden space 131072K, 0% used [0x00000000d5e00000,0x00000000d5e00000,0x00000000dde00000)
  from space 12800K, 0% used [0x00000000dde00000,0x00000000dde00000,0x00000000dea80000)
  to   space 12800K, 0% used [0x00000000e1c80000,0x00000000e1c80000,0x00000000e2900000)
 ParOldGen       total 55808K, used 18956K [0x0000000081a00000, 0x0000000085080000, 0x00000000d5e00000)
  object space 55808K, 33% used [0x0000000081a00000,0x0000000082c83330,0x0000000085080000)
 Metaspace       used 34045K, capacity 35394K, committed 35456K, reserved 1079296K
  class space    used 4419K, capacity 4700K, committed 4736K, reserved 1048576K
}

