# JRE version: Java(TM) SE Runtime Environment (8.0_111-b14) (build 1.8.0_111-b14)
# Java VM: Java HotSpot(TM) 64-Bit Server VM (25.111-b14 mixed mode windows-amd64 compressed oops)
Heap:
 PSYoungGen      total 116224K, used 92503K [0x00000000d5e00000, 0x00000000dee80000, 0x0000000100000000)
  eden space 108032K, 78% used [0x00000000d5e00000,0x00000000db057038,0x00000000dc780000)
  from space 8192K, 99% used [0x00000000dde80000,0x00000000de67ec30,0x00000000de680000)
  to   space 7168K, 0% used [0x00000000de780000,0x00000000de780000,0x00000000dee80000)
 ParOldGen       total 55296K, used 11386K [0x0000000081a00000, 0x0000000085000000, 0x00000000d5e00000)
  object space 55296K, 20% used [0x0000000081a00000,0x000000008251e868,0x0000000085000000)
 Metaspace       used 33632K, capacity 34678K, committed 34864K, reserved 1079296K
  class space    used 4350K, capacity 4592K, committed 4656K, reserved 1048576K
GC Heap History (10 events):
Event: 1.838 GC heap before
{Heap before GC invocations=4 (full 0):
 PSYoungGen      total 38400K, used 38374K [0x00000000d5e00000, 0x00000000da900000, 0x0000000100000000)
  eden space 33280K, 100% used [0x00000000d5e00000,0x00000000d7e80000,0x00000000d7e80000)
  from space 5120K, 99% used [0x00000000d7e80000,0x00000000d8379998,0x00000000d8380000)
  to   space 5120K, 0% used [0x00000000da400000,0x00000000da400000,0x00000000da900000)
 ParOldGen       total 87552K, used 404K [0x0000000081a00000, 0x0000000086f80000, 0x00000000d5e00000)
  object space 87552K, 0% used [0x0000000081a00000,0x0000000081a65248,0x0000000086f80000)
 Metaspace       used 17781K, capacity 18346K, committed 18432K, reserved 1064960K
  class space    used 2348K, capacity 2506K, committed 2560K, reserved 1048576K
Event: 1.844 GC heap after
Heap after GC invocations=4 (full 0):
 PSYoungGen      total 71680K, used 5096K [0x00000000d5e00000, 0x00000000da900000, 0x0000000100000000)
  eden space 66560K, 0% used [0x00000000d5e00000,0x00000000d5e00000,0x00000000d9f00000)
  from space 5120K, 99% used [0x00000000da400000,0x00000000da8fa140,0x00000000da900000)
  to   space 5120K, 0% used [0x00000000d9f00000,0x00000000d9f00000,0x00000000da400000)
 ParOldGen       total 87552K, used 1710K [0x0000000081a00000, 0x0000000086f80000, 0x00000000d5e00000)
  object space 87552K, 1% used [0x0000000081a00000,0x0000000081babb48,0x0000000086f80000)
 Metaspace       used 17781K, capacity 18346K, committed 18432K, reserved 1064960K
  class space    used 2348K, capacity 2506K, committed 2560K, reserved 1048576K
}
Event: 2.007 GC heap before
{Heap before GC invocations=5 (full 0):
 PSYoungGen      total 71680K, used 27389K [0x00000000d5e00000, 0x00000000da900000, 0x0000000100000000)
  eden space 66560K, 33% used [0x00000000d5e00000,0x00000000d73c53a8,0x00000000d9f00000)
  from space 5120K, 99% used [0x00000000da400000,0x00000000da8fa140,0x00000000da900000)
  to   space 5120K, 0% used [0x00000000d9f00000,0x00000000d9f00000,0x00000000da400000)
 ParOldGen       total 87552K, used 1710K [0x0000000081a00000, 0x0000000086f80000, 0x00000000d5e00000)
  object space 87552K, 1% used [0x0000000081a00000,0x0000000081babb48,0x0000000086f80000)
 Metaspace       used 20652K, capacity 21248K, committed 21296K, reserved 1067008K
  class space    used 2671K, capacity 2847K, committed 2864K, reserved 1048576K
Event: 2.014 GC heap after
Heap after GC invocations=5 (full 0):
 PSYoungGen      total 71680K, used 5104K [0x00000000d5e00000, 0x00000000def00000, 0x0000000100000000)
  eden space 66560K, 0% used [0x00000000d5e00000,0x00000000d5e00000,0x00000000d9f00000)
  from space 5120K, 99% used [0x00000000d9f00000,0x00000000da3fc080,0x00000000da400000)
  to   space 7680K, 0% used [0x00000000de780000,0x00000000de780000,0x00000000def00000)
 ParOldGen       total 87552K, used 3638K [0x0000000081a00000, 0x0000000086f80000, 0x00000000d5e00000)
  object space 87552K, 4% used [0x0000000081a00000,0x0000000081d8d9d8,0x0000000086f80000)
 Metaspace       used 20652K, capacity 21248K, committed 21296K, reserved 1067008K
  class space    used 2671K, capacity 2847K, committed 2864K, reserved 1048576K
}
Event: 2.014 GC heap before
{Heap before GC invocations=6 (full 1):
 PSYoungGen      total 71680K, used 5104K [0x00000000d5e00000, 0x00000000def00000, 0x0000000100000000)
  eden space 66560K, 0% used [0x00000000d5e00000,0x00000000d5e00000,0x00000000d9f00000)
  from space 5120K, 99% used [0x00000000d9f00000,0x00000000da3fc080,0x00000000da400000)
  to   space 7680K, 0% used [0x00000000de780000,0x00000000de780000,0x00000000def00000)
 ParOldGen       total 87552K, used 3638K [0x0000000081a00000, 0x0000000086f80000, 0x00000000d5e00000)
  object space 87552K, 4% used [0x0000000081a00000,0x0000000081d8d9d8,0x0000000086f80000)
 Metaspace       used 20652K, capacity 21248K, committed 21296K, reserved 1067008K
  class space    used 2671K, capacity 2847K, committed 2864K, reserved 1048576K
Event: 2.045 GC heap after
Heap after GC invocations=6 (full 1):
 PSYoungGen      total 71680K, used 0K [0x00000000d5e00000, 0x00000000def00000, 0x0000000100000000)
  eden space 66560K, 0% used [0x00000000d5e00000,0x00000000d5e00000,0x00000000d9f00000)
  from space 5120K, 0% used [0x00000000d9f00000,0x00000000d9f00000,0x00000000da400000)
  to   space 7680K, 0% used [0x00000000de780000,0x00000000de780000,0x00000000def00000)
 ParOldGen       total 55296K, used 6873K [0x0000000081a00000, 0x0000000085000000, 0x00000000d5e00000)
  object space 55296K, 12% used [0x0000000081a00000,0x00000000820b6580,0x0000000085000000)
 Metaspace       used 20652K, capacity 21248K, committed 21296K, reserved 1067008K
  class space    used 2671K, capacity 2847K, committed 2864K, reserved 1048576K
}
Event: 2.696 GC heap before
{Heap before GC invocations=7 (full 1):
 PSYoungGen      total 71680K, used 66560K [0x00000000d5e00000, 0x00000000def00000, 0x0000000100000000)
  eden space 66560K, 100% used [0x00000000d5e00000,0x00000000d9f00000,0x00000000d9f00000)
  from space 5120K, 0% used [0x00000000d9f00000,0x00000000d9f00000,0x00000000da400000)
  to   space 7680K, 0% used [0x00000000de780000,0x00000000de780000,0x00000000def00000)
 ParOldGen       total 55296K, used 6873K [0x0000000081a00000, 0x0000000085000000, 0x00000000d5e00000)
  object space 55296K, 12% used [0x0000000081a00000,0x00000000820b6580,0x0000000085000000)
 Metaspace       used 25806K, capacity 26610K, committed 26928K, reserved 1073152K
  class space    used 3332K, capacity 3524K, committed 3632K, reserved 1048576K
Event: 2.714 GC heap after
Heap after GC invocations=7 (full 1):
 PSYoungGen      total 115200K, used 7160K [0x00000000d5e00000, 0x00000000dee80000, 0x0000000100000000)
  eden space 108032K, 0% used [0x00000000d5e00000,0x00000000d5e00000,0x00000000dc780000)
  from space 7168K, 99% used [0x00000000de780000,0x00000000dee7e328,0x00000000dee80000)
  to   space 8192K, 0% used [0x00000000dde80000,0x00000000dde80000,0x00000000de680000)
 ParOldGen       total 55296K, used 6945K [0x0000000081a00000, 0x0000000085000000, 0x00000000d5e00000)
  object space 55296K, 12% used [0x0000000081a00000,0x00000000820c8590,0x0000000085000000)
 Metaspace       used 25806K, capacity 26610K, committed 26928K, reserved 1073152K
  class space    used 3332K, capacity 3524K, committed 3632K, reserved 1048576K
}
Event: 3.521 GC heap before
{Heap before GC invocations=8 (full 1):
 PSYoungGen      total 115200K, used 115192K [0x00000000d5e00000, 0x00000000dee80000, 0x0000000100000000)
  eden space 108032K, 100% used [0x00000000d5e00000,0x00000000dc780000,0x00000000dc780000)
  from space 7168K, 99% used [0x00000000de780000,0x00000000dee7e328,0x00000000dee80000)
  to   space 8192K, 0% used [0x00000000dde80000,0x00000000dde80000,0x00000000de680000)
 ParOldGen       total 55296K, used 6945K [0x0000000081a00000, 0x0000000085000000, 0x00000000d5e00000)
  object space 55296K, 12% used [0x0000000081a00000,0x00000000820c8590,0x0000000085000000)
 Metaspace       used 29810K, capacity 30656K, committed 30768K, reserved 1075200K
  class space    used 3911K, capacity 4107K, committed 4144K, reserved 1048576K
Event: 3.532 GC heap after
Heap after GC invocations=8 (full 1):
 PSYoungGen      total 116224K, used 8187K [0x00000000d5e00000, 0x00000000dee80000, 0x0000000100000000)
  eden space 108032K, 0% used [0x00000000d5e00000,0x00000000d5e00000,0x00000000dc780000)
  from space 8192K, 99% used [0x00000000dde80000,0x00000000de67ec30,0x00000000de680000)
  to   space 7168K, 0% used [0x00000000de780000,0x00000000de780000,0x00000000dee80000)
 ParOldGen       total 55296K, used 11386K [0x0000000081a00000, 0x0000000085000000, 0x00000000d5e00000)
  object space 55296K, 20% used [0x0000000081a00000,0x000000008251e868,0x0000000085000000)
 Metaspace       used 29810K, capacity 30656K, committed 30768K, reserved 1075200K
  class space    used 3911K, capacity 4107K, committed 4144K, reserved 1048576K
}

