# JRE version: Java(TM) SE Runtime Environment (8.0_181-b13) (build 1.8.0_181-b13)
# Java VM: Java HotSpot(TM) 64-Bit Server VM (25.181-b13 mixed mode windows-amd64 compressed oops)
Heap:
 PSYoungGen      total 146432K, used 77198K [0x00000000d5e00000, 0x00000000e7f00000, 0x0000000100000000)
  eden space 132608K, 58% used [0x00000000d5e00000,0x00000000da963968,0x00000000ddf80000)
  from space 13824K, 0% used [0x00000000ddf80000,0x00000000ddf80000,0x00000000ded00000)
  to   space 15360K, 0% used [0x00000000e7000000,0x00000000e7000000,0x00000000e7f00000)
 ParOldGen       total 78336K, used 23958K [0x0000000081a00000, 0x0000000086680000, 0x00000000d5e00000)
  object space 78336K, 30% used [0x0000000081a00000,0x0000000083165be8,0x0000000086680000)
 Metaspace       used 21162K, capacity 21678K, committed 21936K, reserved 1069056K
  class space    used 2508K, capacity 2694K, committed 2816K, reserved 1048576K
GC Heap History (10 events):
Event: 6.234 GC heap before
{Heap before GC invocations=4 (full 0):
 PSYoungGen      total 38400K, used 38384K [0x00000000d5e00000, 0x00000000da900000, 0x0000000100000000)
  eden space 33280K, 100% used [0x00000000d5e00000,0x00000000d7e80000,0x00000000d7e80000)
  from space 5120K, 99% used [0x00000000d7e80000,0x00000000d837c050,0x00000000d8380000)
  to   space 5120K, 0% used [0x00000000da400000,0x00000000da400000,0x00000000da900000)
 ParOldGen       total 87552K, used 5267K [0x0000000081a00000, 0x0000000086f80000, 0x00000000d5e00000)
  object space 87552K, 6% used [0x0000000081a00000,0x0000000081f24f00,0x0000000086f80000)
 Metaspace       used 15130K, capacity 15342K, committed 15616K, reserved 1062912K
  class space    used 1855K, capacity 1941K, committed 2048K, reserved 1048576K
Event: 6.243 GC heap after
Heap after GC invocations=4 (full 0):
 PSYoungGen      total 71680K, used 5088K [0x00000000d5e00000, 0x00000000da900000, 0x0000000100000000)
  eden space 66560K, 0% used [0x00000000d5e00000,0x00000000d5e00000,0x00000000d9f00000)
  from space 5120K, 99% used [0x00000000da400000,0x00000000da8f8020,0x00000000da900000)
  to   space 5120K, 0% used [0x00000000d9f00000,0x00000000d9f00000,0x00000000da400000)
 ParOldGen       total 87552K, used 9261K [0x0000000081a00000, 0x0000000086f80000, 0x00000000d5e00000)
  object space 87552K, 10% used [0x0000000081a00000,0x000000008230b5a0,0x0000000086f80000)
 Metaspace       used 15130K, capacity 15342K, committed 15616K, reserved 1062912K
  class space    used 1855K, capacity 1941K, committed 2048K, reserved 1048576K
}
Event: 6.811 GC heap before
{Heap before GC invocations=5 (full 0):
 PSYoungGen      total 71680K, used 71648K [0x00000000d5e00000, 0x00000000da900000, 0x0000000100000000)
  eden space 66560K, 100% used [0x00000000d5e00000,0x00000000d9f00000,0x00000000d9f00000)
  from space 5120K, 99% used [0x00000000da400000,0x00000000da8f8020,0x00000000da900000)
  to   space 5120K, 0% used [0x00000000d9f00000,0x00000000d9f00000,0x00000000da400000)
 ParOldGen       total 87552K, used 9261K [0x0000000081a00000, 0x0000000086f80000, 0x00000000d5e00000)
  object space 87552K, 10% used [0x0000000081a00000,0x000000008230b5a0,0x0000000086f80000)
 Metaspace       used 15539K, capacity 15736K, committed 15872K, reserved 1062912K
  class space    used 1876K, capacity 1980K, committed 2048K, reserved 1048576K
Event: 6.828 GC heap after
Heap after GC invocations=5 (full 0):
 PSYoungGen      total 71680K, used 5120K [0x00000000d5e00000, 0x00000000dfa00000, 0x0000000100000000)
  eden space 66560K, 0% used [0x00000000d5e00000,0x00000000d5e00000,0x00000000d9f00000)
  from space 5120K, 100% used [0x00000000d9f00000,0x00000000da400000,0x00000000da400000)
  to   space 13312K, 0% used [0x00000000ded00000,0x00000000ded00000,0x00000000dfa00000)
 ParOldGen       total 87552K, used 15778K [0x0000000081a00000, 0x0000000086f80000, 0x00000000d5e00000)
  object space 87552K, 18% used [0x0000000081a00000,0x00000000829688c8,0x0000000086f80000)
 Metaspace       used 15539K, capacity 15736K, committed 15872K, reserved 1062912K
  class space    used 1876K, capacity 1980K, committed 2048K, reserved 1048576K
}
Event: 7.868 GC heap before
{Heap before GC invocations=6 (full 0):
 PSYoungGen      total 71680K, used 71680K [0x00000000d5e00000, 0x00000000dfa00000, 0x0000000100000000)
  eden space 66560K, 100% used [0x00000000d5e00000,0x00000000d9f00000,0x00000000d9f00000)
  from space 5120K, 100% used [0x00000000d9f00000,0x00000000da400000,0x00000000da400000)
  to   space 13312K, 0% used [0x00000000ded00000,0x00000000ded00000,0x00000000dfa00000)
 ParOldGen       total 87552K, used 15778K [0x0000000081a00000, 0x0000000086f80000, 0x00000000d5e00000)
  object space 87552K, 18% used [0x0000000081a00000,0x00000000829688c8,0x0000000086f80000)
 Metaspace       used 17233K, capacity 17626K, committed 17792K, reserved 1064960K
  class space    used 2031K, capacity 2159K, committed 2176K, reserved 1048576K
Event: 7.887 GC heap after
Heap after GC invocations=6 (full 0):
 PSYoungGen      total 145920K, used 10849K [0x00000000d5e00000, 0x00000000dfb00000, 0x0000000100000000)
  eden space 132608K, 0% used [0x00000000d5e00000,0x00000000d5e00000,0x00000000ddf80000)
  from space 13312K, 81% used [0x00000000ded00000,0x00000000df7984c0,0x00000000dfa00000)
  to   space 13824K, 0% used [0x00000000ddf80000,0x00000000ddf80000,0x00000000ded00000)
 ParOldGen       total 87552K, used 15778K [0x0000000081a00000, 0x0000000086f80000, 0x00000000d5e00000)
  object space 87552K, 18% used [0x0000000081a00000,0x00000000829688c8,0x0000000086f80000)
 Metaspace       used 17233K, capacity 17626K, committed 17792K, reserved 1064960K
  class space    used 2031K, capacity 2159K, committed 2176K, reserved 1048576K
}
Event: 17.156 GC heap before
{Heap before GC invocations=7 (full 0):
 PSYoungGen      total 145920K, used 61868K [0x00000000d5e00000, 0x00000000dfb00000, 0x0000000100000000)
  eden space 132608K, 38% used [0x00000000d5e00000,0x00000000d8fd2c48,0x00000000ddf80000)
  from space 13312K, 81% used [0x00000000ded00000,0x00000000df7984c0,0x00000000dfa00000)
  to   space 13824K, 0% used [0x00000000ddf80000,0x00000000ddf80000,0x00000000ded00000)
 ParOldGen       total 87552K, used 15778K [0x0000000081a00000, 0x0000000086f80000, 0x00000000d5e00000)
  object space 87552K, 18% used [0x0000000081a00000,0x00000000829688c8,0x0000000086f80000)
 Metaspace       used 20552K, capacity 21076K, committed 21296K, reserved 1069056K
  class space    used 2435K, capacity 2600K, committed 2688K, reserved 1048576K
Event: 17.171 GC heap after
Heap after GC invocations=7 (full 0):
 PSYoungGen      total 146432K, used 13381K [0x00000000d5e00000, 0x00000000e7f00000, 0x0000000100000000)
  eden space 132608K, 0% used [0x00000000d5e00000,0x00000000d5e00000,0x00000000ddf80000)
  from space 13824K, 96% used [0x00000000ddf80000,0x00000000dec915b0,0x00000000ded00000)
  to   space 15360K, 0% used [0x00000000e7000000,0x00000000e7000000,0x00000000e7f00000)
 ParOldGen       total 87552K, used 17036K [0x0000000081a00000, 0x0000000086f80000, 0x00000000d5e00000)
  object space 87552K, 19% used [0x0000000081a00000,0x0000000082aa3188,0x0000000086f80000)
 Metaspace       used 20552K, capacity 21076K, committed 21296K, reserved 1069056K
  class space    used 2435K, capacity 2600K, committed 2688K, reserved 1048576K
}
Event: 17.171 GC heap before
{Heap before GC invocations=8 (full 1):
 PSYoungGen      total 146432K, used 13381K [0x00000000d5e00000, 0x00000000e7f00000, 0x0000000100000000)
  eden space 132608K, 0% used [0x00000000d5e00000,0x00000000d5e00000,0x00000000ddf80000)
  from space 13824K, 96% used [0x00000000ddf80000,0x00000000dec915b0,0x00000000ded00000)
  to   space 15360K, 0% used [0x00000000e7000000,0x00000000e7000000,0x00000000e7f00000)
 ParOldGen       total 87552K, used 17036K [0x0000000081a00000, 0x0000000086f80000, 0x00000000d5e00000)
  object space 87552K, 19% used [0x0000000081a00000,0x0000000082aa3188,0x0000000086f80000)
 Metaspace       used 20552K, capacity 21076K, committed 21296K, reserved 1069056K
  class space    used 2435K, capacity 2600K, committed 2688K, reserved 1048576K
Event: 17.307 GC heap after
Heap after GC invocations=8 (full 1):
 PSYoungGen      total 146432K, used 0K [0x00000000d5e00000, 0x00000000e7f00000, 0x0000000100000000)
  eden space 132608K, 0% used [0x00000000d5e00000,0x00000000d5e00000,0x00000000ddf80000)
  from space 13824K, 0% used [0x00000000ddf80000,0x00000000ddf80000,0x00000000ded00000)
  to   space 15360K, 0% used [0x00000000e7000000,0x00000000e7000000,0x00000000e7f00000)
 ParOldGen       total 78336K, used 23958K [0x0000000081a00000, 0x0000000086680000, 0x00000000d5e00000)
  object space 78336K, 30% used [0x0000000081a00000,0x0000000083165be8,0x0000000086680000)
 Metaspace       used 20549K, capacity 21070K, committed 21296K, reserved 1069056K
  class space    used 2434K, capacity 2598K, committed 2688K, reserved 1048576K
}

